{"name": "test_to_write_user_details_infile", "status": "failed", "statusDetails": {"message": "AssertionError: assert 404 == 200", "trace": "def test_to_write_user_details_infile():\n>       assert code[0]==200\nE       assert 404 == 200\n\nTestCases\\Test_3_Get_User_Request1.py:47: AssertionError"}, "start": 1648017467841, "stop": 1648017467842, "uuid": "f5c03643-c944-4b4c-96fd-c5df98644941", "historyId": "f7c746daa62577badc692be2237f5444", "testCaseId": "3f1422d24de3fc970a2bbd182dcf3c62", "fullName": "TestCases.Test_3_Get_User_Request1#test_to_write_user_details_infile", "labels": [{"name": "parentSuite", "value": "TestCases"}, {"name": "suite", "value": "Test_3_Get_User_Request1"}, {"name": "host", "value": "LAPTOP-FA0B144A"}, {"name": "thread", "value": "22644-MainThread"}, {"name": "framework", "value": "pytest"}, {"name": "language", "value": "cpython3"}, {"name": "package", "value": "TestCases.Test_3_Get_User_Request1"}]}