{"name": "test_post_request_successfully_created", "status": "failed", "statusDetails": {"message": "AssertionError: assert 422 == 201", "trace": "def test_post_request_successfully_created():\n    \n        code=jsonpath.jsonpath(json_response,'code')\n>       assert code[0]==201\nE       assert 422 == 201\n\nTestCases\\Test_2Post_Request.py:16: AssertionError"}, "start": 1648017466697, "stop": 1648017466697, "uuid": "4b51cea2-fc07-41cd-9a53-09038cc0b786", "historyId": "f57759c34acb6586b984330298d77f00", "testCaseId": "5a529eb20efd8d046e61b9926f079d8e", "fullName": "TestCases.Test_2Post_Request#test_post_request_successfully_created", "labels": [{"name": "parentSuite", "value": "TestCases"}, {"name": "suite", "value": "Test_2Post_Request"}, {"name": "host", "value": "LAPTOP-FA0B144A"}, {"name": "thread", "value": "22644-MainThread"}, {"name": "framework", "value": "pytest"}, {"name": "language", "value": "cpython3"}, {"name": "package", "value": "TestCases.Test_2Post_Request"}]}